<?xml version="1.0" encoding="UTF-8"?>
<!-- Generated by org.testng.reporters.JUnitXMLReporter -->
<testsuite ignored="0" hostname="Uthmans-MacBook-Pro.local" failures="0" tests="6" name="All Functionalities" time="74.42" errors="0" timestamp="2022-06-19T23:59:02 CDT">
  <testcase classname="scripts.CarvanaTest" name="testCarvanaHomePageAndTitle" time="3.41"/>
  <testcase classname="scripts.CarvanaTest" name="testCarvanaLogoDisplayed" time="3.729"/>
  <testcase classname="scripts.CarvanaTest" name="testMainNavigationItems" time="3.766"/>
  <testcase classname="scripts.CarvanaTest" name="testSignInErrorMessage" time="11.694"/>
  <testcase classname="scripts.CarvanaTest" name="testSearchFilterSearchButton" time="9.564"/>
  <testcase classname="scripts.CarvanaTest" name="testSearchResultTiles" time="15.199"/>
</testsuite> <!-- All Functionalities -->
