<?xml version="1.0" encoding="UTF-8"?>
<testng-results ignored="0" total="6" passed="6" failed="0" skipped="0">
  <reporter-output>
  </reporter-output>
  <suite started-at="2022-06-19T23:57:48 CDT" name="Regression" finished-at="2022-06-19T23:59:02 CDT" duration-ms="74420">
    <groups>
    </groups>
    <test started-at="2022-06-19T23:57:48 CDT" name="All Functionalities" finished-at="2022-06-19T23:59:02 CDT" duration-ms="74420">
      <class name="scripts.CarvanaTest">
        <test-method is-config="true" signature="setup()[pri:0, instance:scripts.CarvanaTest@2aece37d]" started-at="2022-06-19T23:57:48 CDT" name="setup" finished-at="2022-06-19T23:57:50 CDT" duration-ms="1673" status="PASS">
          <reporter-output>
          </reporter-output>
        </test-method> <!-- setup -->
        <test-method signature="testCarvanaHomePageAndTitle()[pri:1, instance:scripts.CarvanaTest@2aece37d]" started-at="2022-06-19T23:57:50 CDT" name="testCarvanaHomePageAndTitle" description="TC1: Validate Carvana home page title and url" finished-at="2022-06-19T23:57:53 CDT" duration-ms="3410" status="PASS">
          <reporter-output>
          </reporter-output>
        </test-method> <!-- testCarvanaHomePageAndTitle -->
        <test-method is-config="true" signature="teardown()[pri:0, instance:scripts.CarvanaTest@2aece37d]" started-at="2022-06-19T23:57:53 CDT" name="teardown" finished-at="2022-06-19T23:57:56 CDT" duration-ms="3215" status="PASS">
          <reporter-output>
          </reporter-output>
        </test-method> <!-- teardown -->
        <test-method is-config="true" signature="setup()[pri:0, instance:scripts.CarvanaTest@2aece37d]" started-at="2022-06-19T23:57:56 CDT" name="setup" finished-at="2022-06-19T23:57:57 CDT" duration-ms="1027" status="PASS">
          <reporter-output>
          </reporter-output>
        </test-method> <!-- setup -->
        <test-method signature="testCarvanaLogoDisplayed()[pri:2, instance:scripts.CarvanaTest@2aece37d]" started-at="2022-06-19T23:57:57 CDT" name="testCarvanaLogoDisplayed" description="TC2: Validate the Carvana logo" finished-at="2022-06-19T23:58:01 CDT" duration-ms="3729" status="PASS">
          <reporter-output>
          </reporter-output>
        </test-method> <!-- testCarvanaLogoDisplayed -->
        <test-method is-config="true" signature="teardown()[pri:0, instance:scripts.CarvanaTest@2aece37d]" started-at="2022-06-19T23:58:01 CDT" name="teardown" finished-at="2022-06-19T23:58:04 CDT" duration-ms="3473" status="PASS">
          <reporter-output>
          </reporter-output>
        </test-method> <!-- teardown -->
        <test-method is-config="true" signature="setup()[pri:0, instance:scripts.CarvanaTest@2aece37d]" started-at="2022-06-19T23:58:04 CDT" name="setup" finished-at="2022-06-19T23:58:05 CDT" duration-ms="998" status="PASS">
          <reporter-output>
          </reporter-output>
        </test-method> <!-- setup -->
        <test-method signature="testMainNavigationItems()[pri:3, instance:scripts.CarvanaTest@2aece37d]" started-at="2022-06-19T23:58:05 CDT" name="testMainNavigationItems" description="TC3: Validate the main navigation section items" finished-at="2022-06-19T23:58:09 CDT" duration-ms="3766" status="PASS">
          <reporter-output>
          </reporter-output>
        </test-method> <!-- testMainNavigationItems -->
        <test-method is-config="true" signature="teardown()[pri:0, instance:scripts.CarvanaTest@2aece37d]" started-at="2022-06-19T23:58:09 CDT" name="teardown" finished-at="2022-06-19T23:58:12 CDT" duration-ms="3194" status="PASS">
          <reporter-output>
          </reporter-output>
        </test-method> <!-- teardown -->
        <test-method is-config="true" signature="setup()[pri:0, instance:scripts.CarvanaTest@2aece37d]" started-at="2022-06-19T23:58:12 CDT" name="setup" finished-at="2022-06-19T23:58:13 CDT" duration-ms="966" status="PASS">
          <reporter-output>
          </reporter-output>
        </test-method> <!-- setup -->
        <test-method signature="testSignInErrorMessage()[pri:4, instance:scripts.CarvanaTest@2aece37d]" started-at="2022-06-19T23:58:13 CDT" name="testSignInErrorMessage" description="TC4: Validate the sign in error message" finished-at="2022-06-19T23:58:25 CDT" duration-ms="11694" status="PASS">
          <reporter-output>
          </reporter-output>
        </test-method> <!-- testSignInErrorMessage -->
        <test-method is-config="true" signature="teardown()[pri:0, instance:scripts.CarvanaTest@2aece37d]" started-at="2022-06-19T23:58:25 CDT" name="teardown" finished-at="2022-06-19T23:58:28 CDT" duration-ms="3216" status="PASS">
          <reporter-output>
          </reporter-output>
        </test-method> <!-- teardown -->
        <test-method is-config="true" signature="setup()[pri:0, instance:scripts.CarvanaTest@2aece37d]" started-at="2022-06-19T23:58:28 CDT" name="setup" finished-at="2022-06-19T23:58:29 CDT" duration-ms="961" status="PASS">
          <reporter-output>
          </reporter-output>
        </test-method> <!-- setup -->
        <test-method signature="testSearchFilterSearchButton()[pri:5, instance:scripts.CarvanaTest@2aece37d]" started-at="2022-06-19T23:58:29 CDT" name="testSearchFilterSearchButton" description="TC5: Validate the search filter options and search button" finished-at="2022-06-19T23:58:39 CDT" duration-ms="9564" status="PASS">
          <reporter-output>
          </reporter-output>
        </test-method> <!-- testSearchFilterSearchButton -->
        <test-method is-config="true" signature="teardown()[pri:0, instance:scripts.CarvanaTest@2aece37d]" started-at="2022-06-19T23:58:39 CDT" name="teardown" finished-at="2022-06-19T23:58:43 CDT" duration-ms="3735" status="PASS">
          <reporter-output>
          </reporter-output>
        </test-method> <!-- teardown -->
        <test-method is-config="true" signature="setup()[pri:0, instance:scripts.CarvanaTest@2aece37d]" started-at="2022-06-19T23:58:43 CDT" name="setup" finished-at="2022-06-19T23:58:44 CDT" duration-ms="1101" status="PASS">
          <reporter-output>
          </reporter-output>
        </test-method> <!-- setup -->
        <test-method signature="testSearchResultTiles()[pri:6, instance:scripts.CarvanaTest@2aece37d]" started-at="2022-06-19T23:58:44 CDT" name="testSearchResultTiles" description="TC6: Validate the search result tiles" finished-at="2022-06-19T23:58:59 CDT" duration-ms="15199" status="PASS">
          <reporter-output>
          </reporter-output>
        </test-method> <!-- testSearchResultTiles -->
        <test-method is-config="true" signature="teardown()[pri:0, instance:scripts.CarvanaTest@2aece37d]" started-at="2022-06-19T23:58:59 CDT" name="teardown" finished-at="2022-06-19T23:59:02 CDT" duration-ms="3475" status="PASS">
          <reporter-output>
          </reporter-output>
        </test-method> <!-- teardown -->
      </class> <!-- scripts.CarvanaTest -->
    </test> <!-- All Functionalities -->
  </suite> <!-- Regression -->
</testng-results>
